<?xml version="1.0" encoding="UTF-8"?>
<testsuite name="com.example.gustavo.GustavoVelascoApplicationTests" tests="1" skipped="0" failures="0" errors="0" timestamp="2021-06-11T19:20:43" hostname="LAPTOP-EISJGLGU" time="0.661">
  <properties/>
  <testcase name="contextLoads()" classname="com.example.gustavo.GustavoVelascoApplicationTests" time="0.661"/>
  <system-out><![CDATA[14:20:36.444 [Test worker] DEBUG org.springframework.test.context.BootstrapUtils - Instantiating CacheAwareContextLoaderDelegate from class [org.springframework.test.context.cache.DefaultCacheAwareContextLoaderDelegate]
14:20:36.530 [Test worker] DEBUG org.springframework.test.context.BootstrapUtils - Instantiating BootstrapContext using constructor [public org.springframework.test.context.support.DefaultBootstrapContext(java.lang.Class,org.springframework.test.context.CacheAwareContextLoaderDelegate)]
14:20:36.736 [Test worker] DEBUG org.springframework.test.context.BootstrapUtils - Instantiating TestContextBootstrapper for test class [com.example.gustavo.GustavoVelascoApplicationTests] from class [org.springframework.boot.test.context.SpringBootTestContextBootstrapper]
14:20:36.836 [Test worker] INFO org.springframework.boot.test.context.SpringBootTestContextBootstrapper - Neither @ContextConfiguration nor @ContextHierarchy found for test class [com.example.gustavo.GustavoVelascoApplicationTests], using SpringBootContextLoader
14:20:36.850 [Test worker] DEBUG org.springframework.test.context.support.AbstractContextLoader - Did not detect default resource location for test class [com.example.gustavo.GustavoVelascoApplicationTests]: class path resource [com/example/gustavo/GustavoVelascoApplicationTests-context.xml] does not exist
14:20:36.852 [Test worker] DEBUG org.springframework.test.context.support.AbstractContextLoader - Did not detect default resource location for test class [com.example.gustavo.GustavoVelascoApplicationTests]: class path resource [com/example/gustavo/GustavoVelascoApplicationTestsContext.groovy] does not exist
14:20:36.853 [Test worker] INFO org.springframework.test.context.support.AbstractContextLoader - Could not detect default resource locations for test class [com.example.gustavo.GustavoVelascoApplicationTests]: no resource found for suffixes {-context.xml, Context.groovy}.
14:20:36.856 [Test worker] INFO org.springframework.test.context.support.AnnotationConfigContextLoaderUtils - Could not detect default configuration classes for test class [com.example.gustavo.GustavoVelascoApplicationTests]: GustavoVelascoApplicationTests does not declare any static, non-private, non-final, nested classes annotated with @Configuration.
14:20:37.015 [Test worker] DEBUG org.springframework.test.context.support.ActiveProfilesUtils - Could not find an 'annotation declaring class' for annotation type [org.springframework.test.context.ActiveProfiles] and class [com.example.gustavo.GustavoVelascoApplicationTests]
14:20:37.432 [Test worker] DEBUG org.springframework.context.annotation.ClassPathScanningCandidateComponentProvider - Identified candidate component class: file [C:\Users\guskr\Desktop\tarea_gradle\Gustavo_Velasco\build\classes\java\main\com\example\gustavo\GustavoVelascoApplication.class]
14:20:37.439 [Test worker] INFO org.springframework.boot.test.context.SpringBootTestContextBootstrapper - Found @SpringBootConfiguration com.example.gustavo.GustavoVelascoApplication for test class com.example.gustavo.GustavoVelascoApplicationTests
14:20:37.913 [Test worker] DEBUG org.springframework.boot.test.context.SpringBootTestContextBootstrapper - @TestExecutionListeners is not present for class [com.example.gustavo.GustavoVelascoApplicationTests]: using defaults.
14:20:37.916 [Test worker] INFO org.springframework.boot.test.context.SpringBootTestContextBootstrapper - Loaded default TestExecutionListener class names from location [META-INF/spring.factories]: [org.springframework.boot.test.autoconfigure.restdocs.RestDocsTestExecutionListener, org.springframework.boot.test.autoconfigure.web.client.MockRestServiceServerResetTestExecutionListener, org.springframework.boot.test.autoconfigure.web.servlet.MockMvcPrintOnlyOnFailureTestExecutionListener, org.springframework.boot.test.autoconfigure.web.servlet.WebDriverTestExecutionListener, org.springframework.boot.test.autoconfigure.webservices.client.MockWebServiceServerTestExecutionListener, org.springframework.boot.test.mock.mockito.MockitoTestExecutionListener, org.springframework.boot.test.mock.mockito.ResetMocksTestExecutionListener, org.springframework.test.context.web.ServletTestExecutionListener, org.springframework.test.context.support.DirtiesContextBeforeModesTestExecutionListener, org.springframework.test.context.event.ApplicationEventsTestExecutionListener, org.springframework.test.context.support.DependencyInjectionTestExecutionListener, org.springframework.test.context.support.DirtiesContextTestExecutionListener, org.springframework.test.context.transaction.TransactionalTestExecutionListener, org.springframework.test.context.jdbc.SqlScriptsTestExecutionListener, org.springframework.test.context.event.EventPublishingTestExecutionListener]
14:20:37.959 [Test worker] DEBUG org.springframework.boot.test.context.SpringBootTestContextBootstrapper - Skipping candidate TestExecutionListener [org.springframework.test.context.web.ServletTestExecutionListener] due to a missing dependency. Specify custom listener classes or make the default listener classes and their required dependencies available. Offending class: [javax/servlet/ServletContext]
14:20:37.967 [Test worker] DEBUG org.springframework.boot.test.context.SpringBootTestContextBootstrapper - Skipping candidate TestExecutionListener [org.springframework.test.context.transaction.TransactionalTestExecutionListener] due to a missing dependency. Specify custom listener classes or make the default listener classes and their required dependencies available. Offending class: [org/springframework/transaction/interceptor/TransactionAttributeSource]
14:20:37.973 [Test worker] DEBUG org.springframework.boot.test.context.SpringBootTestContextBootstrapper - Skipping candidate TestExecutionListener [org.springframework.test.context.jdbc.SqlScriptsTestExecutionListener] due to a missing dependency. Specify custom listener classes or make the default listener classes and their required dependencies available. Offending class: [org/springframework/transaction/interceptor/TransactionAttribute]
14:20:37.975 [Test worker] INFO org.springframework.boot.test.context.SpringBootTestContextBootstrapper - Using TestExecutionListeners: [org.springframework.test.context.support.DirtiesContextBeforeModesTestExecutionListener@156b51f7, org.springframework.test.context.event.ApplicationEventsTestExecutionListener@3acb6056, org.springframework.boot.test.mock.mockito.MockitoTestExecutionListener@37cdc10b, org.springframework.boot.test.autoconfigure.SpringBootDependencyInjectionTestExecutionListener@cd01c68, org.springframework.test.context.support.DirtiesContextTestExecutionListener@437b00ec, org.springframework.test.context.event.EventPublishingTestExecutionListener@22d30105, org.springframework.boot.test.autoconfigure.restdocs.RestDocsTestExecutionListener@7b4f49cd, org.springframework.boot.test.autoconfigure.web.client.MockRestServiceServerResetTestExecutionListener@77703990, org.springframework.boot.test.autoconfigure.web.servlet.MockMvcPrintOnlyOnFailureTestExecutionListener@6c173bf2, org.springframework.boot.test.autoconfigure.web.servlet.WebDriverTestExecutionListener@56f6d45c, org.springframework.boot.test.autoconfigure.webservices.client.MockWebServiceServerTestExecutionListener@5776ee6e, org.springframework.boot.test.mock.mockito.ResetMocksTestExecutionListener@21bce1a9]
14:20:37.990 [Test worker] DEBUG org.springframework.test.context.support.AbstractDirtiesContextTestExecutionListener - Before test class: context [DefaultTestContext@27ac86b2 testClass = GustavoVelascoApplicationTests, testInstance = [null], testMethod = [null], testException = [null], mergedContextConfiguration = [MergedContextConfiguration@4ebe3d5 testClass = GustavoVelascoApplicationTests, locations = '{}', classes = '{class com.example.gustavo.GustavoVelascoApplication}', contextInitializerClasses = '[]', activeProfiles = '{}', propertySourceLocations = '{}', propertySourceProperties = '{org.springframework.boot.test.context.SpringBootTestContextBootstrapper=true}', contextCustomizers = set[org.springframework.boot.test.autoconfigure.actuate.metrics.MetricsExportContextCustomizerFactory$DisableMetricExportContextCustomizer@6327970, org.springframework.boot.test.autoconfigure.properties.PropertyMappingContextCustomizer@0, org.springframework.boot.test.autoconfigure.web.servlet.WebDriverContextCustomizerFactory$Customizer@5992652e, org.springframework.boot.test.context.filter.ExcludeFilterContextCustomizer@6009c7e2, org.springframework.boot.test.json.DuplicateJsonObjectContextCustomizerFactory$DuplicateJsonObjectContextCustomizer@1ee8f3e3, org.springframework.boot.test.mock.mockito.MockitoContextCustomizer@0, org.springframework.boot.test.web.client.TestRestTemplateContextCustomizer@7c2f963c, org.springframework.boot.test.context.SpringBootTestArgs@1, org.springframework.boot.test.context.SpringBootTestWebEnvironment@497b343d], contextLoader = 'org.springframework.boot.test.context.SpringBootContextLoader', parent = [null]], attributes = map[[empty]]], class annotated with @DirtiesContext [false] with mode [null].
14:20:38.042 [Test worker] DEBUG org.springframework.test.context.support.DependencyInjectionTestExecutionListener - Performing dependency injection for test context [[DefaultTestContext@27ac86b2 testClass = GustavoVelascoApplicationTests, testInstance = com.example.gustavo.GustavoVelascoApplicationTests@43876a2f, testMethod = [null], testException = [null], mergedContextConfiguration = [MergedContextConfiguration@4ebe3d5 testClass = GustavoVelascoApplicationTests, locations = '{}', classes = '{class com.example.gustavo.GustavoVelascoApplication}', contextInitializerClasses = '[]', activeProfiles = '{}', propertySourceLocations = '{}', propertySourceProperties = '{org.springframework.boot.test.context.SpringBootTestContextBootstrapper=true}', contextCustomizers = set[org.springframework.boot.test.autoconfigure.actuate.metrics.MetricsExportContextCustomizerFactory$DisableMetricExportContextCustomizer@6327970, org.springframework.boot.test.autoconfigure.properties.PropertyMappingContextCustomizer@0, org.springframework.boot.test.autoconfigure.web.servlet.WebDriverContextCustomizerFactory$Customizer@5992652e, org.springframework.boot.test.context.filter.ExcludeFilterContextCustomizer@6009c7e2, org.springframework.boot.test.json.DuplicateJsonObjectContextCustomizerFactory$DuplicateJsonObjectContextCustomizer@1ee8f3e3, org.springframework.boot.test.mock.mockito.MockitoContextCustomizer@0, org.springframework.boot.test.web.client.TestRestTemplateContextCustomizer@7c2f963c, org.springframework.boot.test.context.SpringBootTestArgs@1, org.springframework.boot.test.context.SpringBootTestWebEnvironment@497b343d], contextLoader = 'org.springframework.boot.test.context.SpringBootContextLoader', parent = [null]], attributes = map['org.springframework.test.context.event.ApplicationEventsTestExecutionListener.recordApplicationEvents' -> false]]].
14:20:38.155 [Test worker] DEBUG org.springframework.test.context.support.TestPropertySourceUtils - Adding inlined properties to environment: {spring.jmx.enabled=false, org.springframework.boot.test.context.SpringBootTestContextBootstrapper=true}

  .   ____          _            __ _ _
 /\\ / ___'_ __ _ _(_)_ __  __ _ \ \ \ \
( ( )\___ | '_ | '_| | '_ \/ _` | \ \ \ \
 \\/  ___)| |_)| | | | | || (_| |  ) ) ) )
  '  |____| .__|_| |_|_| |_\__, | / / / /
 =========|_|==============|___/=/_/_/_/
 :: Spring Boot ::                (v2.5.1)

2021-06-11 14:20:40.556  INFO 13136 --- [    Test worker] c.e.g.GustavoVelascoApplicationTests     : Starting GustavoVelascoApplicationTests using Java 1.8.0_171 on LAPTOP-EISJGLGU with PID 13136 (started by guskr in C:\Users\guskr\Desktop\tarea_gradle\Gustavo_Velasco)
2021-06-11 14:20:40.574  INFO 13136 --- [    Test worker] c.e.g.GustavoVelascoApplicationTests     : No active profile set, falling back to default profiles: default
2021-06-11 14:20:43.014  INFO 13136 --- [    Test worker] c.e.g.GustavoVelascoApplicationTests     : Started GustavoVelascoApplicationTests in 4.852 seconds (JVM running for 11.846)
]]></system-out>
  <system-err><![CDATA[]]></system-err>
</testsuite>
