<?xml version="1.0" encoding="UTF-8"?>
<testsuite name="com.example.prueba.PruebaApplicationTests" tests="1" skipped="0" failures="0" errors="0" timestamp="2021-06-11T16:04:44" hostname="DESKTOP-7TNLUBQ" time="0.511">
  <properties/>
  <testcase name="contextLoads()" classname="com.example.prueba.PruebaApplicationTests" time="0.511"/>
  <system-out><![CDATA[11:04:42.750 [Test worker] DEBUG org.springframework.test.context.BootstrapUtils - Instantiating CacheAwareContextLoaderDelegate from class [org.springframework.test.context.cache.DefaultCacheAwareContextLoaderDelegate]
11:04:42.768 [Test worker] DEBUG org.springframework.test.context.BootstrapUtils - Instantiating BootstrapContext using constructor [public org.springframework.test.context.support.DefaultBootstrapContext(java.lang.Class,org.springframework.test.context.CacheAwareContextLoaderDelegate)]
11:04:42.841 [Test worker] DEBUG org.springframework.test.context.BootstrapUtils - Instantiating TestContextBootstrapper for test class [com.example.prueba.PruebaApplicationTests] from class [org.springframework.boot.test.context.SpringBootTestContextBootstrapper]
11:04:42.862 [Test worker] INFO org.springframework.boot.test.context.SpringBootTestContextBootstrapper - Neither @ContextConfiguration nor @ContextHierarchy found for test class [com.example.prueba.PruebaApplicationTests], using SpringBootContextLoader
11:04:42.869 [Test worker] DEBUG org.springframework.test.context.support.AbstractContextLoader - Did not detect default resource location for test class [com.example.prueba.PruebaApplicationTests]: class path resource [com/example/prueba/PruebaApplicationTests-context.xml] does not exist
11:04:42.870 [Test worker] DEBUG org.springframework.test.context.support.AbstractContextLoader - Did not detect default resource location for test class [com.example.prueba.PruebaApplicationTests]: class path resource [com/example/prueba/PruebaApplicationTestsContext.groovy] does not exist
11:04:42.871 [Test worker] INFO org.springframework.test.context.support.AbstractContextLoader - Could not detect default resource locations for test class [com.example.prueba.PruebaApplicationTests]: no resource found for suffixes {-context.xml, Context.groovy}.
11:04:42.872 [Test worker] INFO org.springframework.test.context.support.AnnotationConfigContextLoaderUtils - Could not detect default configuration classes for test class [com.example.prueba.PruebaApplicationTests]: PruebaApplicationTests does not declare any static, non-private, non-final, nested classes annotated with @Configuration.
11:04:42.951 [Test worker] DEBUG org.springframework.test.context.support.ActiveProfilesUtils - Could not find an 'annotation declaring class' for annotation type [org.springframework.test.context.ActiveProfiles] and class [com.example.prueba.PruebaApplicationTests]
11:04:42.973 [Test worker] DEBUG org.springframework.context.index.CandidateComponentsIndexLoader - Loaded 1] index(es)
11:04:43.091 [Test worker] DEBUG org.springframework.context.annotation.ClassPathScanningCandidateComponentProvider - Using candidate component class from index: com.example.prueba.PruebaApplication
11:04:43.092 [Test worker] INFO org.springframework.boot.test.context.SpringBootTestContextBootstrapper - Found @SpringBootConfiguration com.example.prueba.PruebaApplication for test class com.example.prueba.PruebaApplicationTests
11:04:43.295 [Test worker] DEBUG org.springframework.boot.test.context.SpringBootTestContextBootstrapper - @TestExecutionListeners is not present for class [com.example.prueba.PruebaApplicationTests]: using defaults.
11:04:43.296 [Test worker] INFO org.springframework.boot.test.context.SpringBootTestContextBootstrapper - Loaded default TestExecutionListener class names from location [META-INF/spring.factories]: [org.springframework.boot.test.autoconfigure.restdocs.RestDocsTestExecutionListener, org.springframework.boot.test.autoconfigure.web.client.MockRestServiceServerResetTestExecutionListener, org.springframework.boot.test.autoconfigure.web.servlet.MockMvcPrintOnlyOnFailureTestExecutionListener, org.springframework.boot.test.autoconfigure.web.servlet.WebDriverTestExecutionListener, org.springframework.boot.test.autoconfigure.webservices.client.MockWebServiceServerTestExecutionListener, org.springframework.boot.test.mock.mockito.MockitoTestExecutionListener, org.springframework.boot.test.mock.mockito.ResetMocksTestExecutionListener, org.springframework.test.context.web.ServletTestExecutionListener, org.springframework.test.context.support.DirtiesContextBeforeModesTestExecutionListener, org.springframework.test.context.event.ApplicationEventsTestExecutionListener, org.springframework.test.context.support.DependencyInjectionTestExecutionListener, org.springframework.test.context.support.DirtiesContextTestExecutionListener, org.springframework.test.context.transaction.TransactionalTestExecutionListener, org.springframework.test.context.jdbc.SqlScriptsTestExecutionListener, org.springframework.test.context.event.EventPublishingTestExecutionListener]
11:04:43.309 [Test worker] DEBUG org.springframework.boot.test.context.SpringBootTestContextBootstrapper - Skipping candidate TestExecutionListener [org.springframework.test.context.web.ServletTestExecutionListener] due to a missing dependency. Specify custom listener classes or make the default listener classes and their required dependencies available. Offending class: [javax/servlet/ServletContext]
11:04:43.312 [Test worker] DEBUG org.springframework.boot.test.context.SpringBootTestContextBootstrapper - Skipping candidate TestExecutionListener [org.springframework.test.context.transaction.TransactionalTestExecutionListener] due to a missing dependency. Specify custom listener classes or make the default listener classes and their required dependencies available. Offending class: [org/springframework/transaction/interceptor/TransactionAttributeSource]
11:04:43.314 [Test worker] DEBUG org.springframework.boot.test.context.SpringBootTestContextBootstrapper - Skipping candidate TestExecutionListener [org.springframework.test.context.jdbc.SqlScriptsTestExecutionListener] due to a missing dependency. Specify custom listener classes or make the default listener classes and their required dependencies available. Offending class: [org/springframework/transaction/interceptor/TransactionAttribute]
11:04:43.315 [Test worker] INFO org.springframework.boot.test.context.SpringBootTestContextBootstrapper - Using TestExecutionListeners: [org.springframework.test.context.support.DirtiesContextBeforeModesTestExecutionListener@7ff92e58, org.springframework.test.context.event.ApplicationEventsTestExecutionListener@2d9fed49, org.springframework.boot.test.mock.mockito.MockitoTestExecutionListener@41f12c78, org.springframework.boot.test.autoconfigure.SpringBootDependencyInjectionTestExecutionListener@3e6307a1, org.springframework.test.context.support.DirtiesContextTestExecutionListener@85e75db, org.springframework.test.context.event.EventPublishingTestExecutionListener@5af9243c, org.springframework.boot.test.autoconfigure.restdocs.RestDocsTestExecutionListener@12a351f7, org.springframework.boot.test.autoconfigure.web.client.MockRestServiceServerResetTestExecutionListener@345b120d, org.springframework.boot.test.autoconfigure.web.servlet.MockMvcPrintOnlyOnFailureTestExecutionListener@4f5049f0, org.springframework.boot.test.autoconfigure.web.servlet.WebDriverTestExecutionListener@5c1b4ce2, org.springframework.boot.test.autoconfigure.webservices.client.MockWebServiceServerTestExecutionListener@54bf827f, org.springframework.boot.test.mock.mockito.ResetMocksTestExecutionListener@3898299f]
11:04:43.321 [Test worker] DEBUG org.springframework.test.context.support.AbstractDirtiesContextTestExecutionListener - Before test class: context [DefaultTestContext@18ea4998 testClass = PruebaApplicationTests, testInstance = [null], testMethod = [null], testException = [null], mergedContextConfiguration = [MergedContextConfiguration@7687691c testClass = PruebaApplicationTests, locations = '{}', classes = '{class com.example.prueba.PruebaApplication}', contextInitializerClasses = '[]', activeProfiles = '{}', propertySourceLocations = '{}', propertySourceProperties = '{org.springframework.boot.test.context.SpringBootTestContextBootstrapper=true}', contextCustomizers = set[org.springframework.boot.test.autoconfigure.actuate.metrics.MetricsExportContextCustomizerFactory$DisableMetricExportContextCustomizer@d6b2785, org.springframework.boot.test.autoconfigure.properties.PropertyMappingContextCustomizer@0, org.springframework.boot.test.autoconfigure.web.servlet.WebDriverContextCustomizerFactory$Customizer@ec8e2f6, org.springframework.boot.test.context.filter.ExcludeFilterContextCustomizer@38486969, org.springframework.boot.test.json.DuplicateJsonObjectContextCustomizerFactory$DuplicateJsonObjectContextCustomizer@6a5702a2, org.springframework.boot.test.mock.mockito.MockitoContextCustomizer@0, org.springframework.boot.test.web.client.TestRestTemplateContextCustomizer@4c0cef6f, org.springframework.boot.test.context.SpringBootTestArgs@1, org.springframework.boot.test.context.SpringBootTestWebEnvironment@62669c7], contextLoader = 'org.springframework.boot.test.context.SpringBootContextLoader', parent = [null]], attributes = map[[empty]]], class annotated with @DirtiesContext [false] with mode [null].
11:04:43.342 [Test worker] DEBUG org.springframework.test.context.support.DependencyInjectionTestExecutionListener - Performing dependency injection for test context [[DefaultTestContext@18ea4998 testClass = PruebaApplicationTests, testInstance = com.example.prueba.PruebaApplicationTests@2cfd5d94, testMethod = [null], testException = [null], mergedContextConfiguration = [MergedContextConfiguration@7687691c testClass = PruebaApplicationTests, locations = '{}', classes = '{class com.example.prueba.PruebaApplication}', contextInitializerClasses = '[]', activeProfiles = '{}', propertySourceLocations = '{}', propertySourceProperties = '{org.springframework.boot.test.context.SpringBootTestContextBootstrapper=true}', contextCustomizers = set[org.springframework.boot.test.autoconfigure.actuate.metrics.MetricsExportContextCustomizerFactory$DisableMetricExportContextCustomizer@d6b2785, org.springframework.boot.test.autoconfigure.properties.PropertyMappingContextCustomizer@0, org.springframework.boot.test.autoconfigure.web.servlet.WebDriverContextCustomizerFactory$Customizer@ec8e2f6, org.springframework.boot.test.context.filter.ExcludeFilterContextCustomizer@38486969, org.springframework.boot.test.json.DuplicateJsonObjectContextCustomizerFactory$DuplicateJsonObjectContextCustomizer@6a5702a2, org.springframework.boot.test.mock.mockito.MockitoContextCustomizer@0, org.springframework.boot.test.web.client.TestRestTemplateContextCustomizer@4c0cef6f, org.springframework.boot.test.context.SpringBootTestArgs@1, org.springframework.boot.test.context.SpringBootTestWebEnvironment@62669c7], contextLoader = 'org.springframework.boot.test.context.SpringBootContextLoader', parent = [null]], attributes = map['org.springframework.test.context.event.ApplicationEventsTestExecutionListener.recordApplicationEvents' -> false]]].
11:04:43.372 [Test worker] DEBUG org.springframework.test.context.support.TestPropertySourceUtils - Adding inlined properties to environment: {spring.jmx.enabled=false, org.springframework.boot.test.context.SpringBootTestContextBootstrapper=true}

  .   ____          _            __ _ _
 /\\ / ___'_ __ _ _(_)_ __  __ _ \ \ \ \
( ( )\___ | '_ | '_| | '_ \/ _` | \ \ \ \
 \\/  ___)| |_)| | | | | || (_| |  ) ) ) )
  '  |____| .__|_| |_|_| |_\__, | / / / /
 =========|_|==============|___/=/_/_/_/
 :: Spring Boot ::                (v2.5.1)

2021-06-11 11:04:43.828  INFO 10336 --- [    Test worker] c.example.prueba.PruebaApplicationTests  : Starting PruebaApplicationTests using Java 15.0.1 on DESKTOP-7TNLUBQ with PID 10336 (started by chat_ in C:\Users\chat_\Documents\bootcamp\prueba)
2021-06-11 11:04:43.831  INFO 10336 --- [    Test worker] c.example.prueba.PruebaApplicationTests  : No active profile set, falling back to default profiles: default
2021-06-11 11:04:44.673  INFO 10336 --- [    Test worker] c.example.prueba.PruebaApplicationTests  : Started PruebaApplicationTests in 1.297 seconds (JVM running for 3.24)
]]></system-out>
  <system-err><![CDATA[]]></system-err>
</testsuite>
